[2025-06-10 14:49:42Z INFO HostContext] No proxy settings were found based on environmental variables (http_proxy/https_proxy/HTTP_PROXY/HTTPS_PROXY)
[2025-06-10 14:49:42Z INFO HostContext] Well known directory 'Bin': 'C:\Users\User\del-student-devops\s9\GitHub-Actions-Demo\bin'
[2025-06-10 14:49:42Z INFO HostContext] Well known directory 'Root': 'C:\Users\User\del-student-devops\s9\GitHub-Actions-Demo'
[2025-06-10 14:49:42Z INFO HostContext] Well known config file 'Credentials': 'C:\Users\User\del-student-devops\s9\GitHub-Actions-Demo\.credentials'
[2025-06-10 14:49:42Z INFO HostContext] Well known directory 'Bin': 'C:\Users\User\del-student-devops\s9\GitHub-Actions-Demo\bin'
[2025-06-10 14:49:42Z INFO HostContext] Well known directory 'Root': 'C:\Users\User\del-student-devops\s9\GitHub-Actions-Demo'
[2025-06-10 14:49:42Z INFO HostContext] Well known config file 'Runner': 'C:\Users\User\del-student-devops\s9\GitHub-Actions-Demo\.runner'
[2025-06-10 14:49:42Z INFO Listener] Runner is built for Windows (X64) - win-x64.
[2025-06-10 14:49:42Z INFO Listener] RuntimeInformation: Microsoft Windows 10.0.26100.
[2025-06-10 14:49:42Z INFO Listener] Version: 2.325.0
[2025-06-10 14:49:42Z INFO Listener] Commit: 71ed7cd46223bd5d61633445946813012b502d54
[2025-06-10 14:49:42Z INFO Listener] Culture: en-US
[2025-06-10 14:49:42Z INFO Listener] UI Culture: en-US
[2025-06-10 14:49:42Z INFO HostContext] Well known directory 'Bin': 'C:\Users\User\del-student-devops\s9\GitHub-Actions-Demo\bin'
[2025-06-10 14:49:42Z INFO HostContext] Well known directory 'Root': 'C:\Users\User\del-student-devops\s9\GitHub-Actions-Demo'
[2025-06-10 14:49:42Z INFO Listener] Validating directory permissions for: 'C:\Users\User\del-student-devops\s9\GitHub-Actions-Demo'
[2025-06-10 14:49:42Z INFO CommandLineParser] Parse
[2025-06-10 14:49:42Z INFO CommandLineParser] Parsing 5 args
[2025-06-10 14:49:42Z INFO CommandLineParser] parsing argument
[2025-06-10 14:49:42Z INFO CommandLineParser] HasArgs: False
[2025-06-10 14:49:42Z INFO CommandLineParser] Adding Command: configure
[2025-06-10 14:49:42Z INFO CommandLineParser] parsing argument
[2025-06-10 14:49:42Z INFO CommandLineParser] HasArgs: True
[2025-06-10 14:49:42Z INFO CommandLineParser] arg: url
[2025-06-10 14:49:42Z INFO CommandLineParser] parsing argument
[2025-06-10 14:49:42Z INFO CommandLineParser] HasArgs: True
[2025-06-10 14:49:42Z INFO CommandLineParser] Adding option 'url': 'https://github.com/s7rosine/GitHub-Actions-Demo'
[2025-06-10 14:49:42Z INFO CommandLineParser] parsing argument
[2025-06-10 14:49:42Z INFO CommandLineParser] HasArgs: True
[2025-06-10 14:49:42Z INFO CommandLineParser] arg: token
[2025-06-10 14:49:42Z INFO CommandLineParser] parsing argument
[2025-06-10 14:49:42Z INFO CommandLineParser] HasArgs: True
[2025-06-10 14:49:42Z INFO CommandLineParser] Adding option 'token': '***'
[2025-06-10 14:49:42Z INFO Listener] Arguments parsed
[2025-06-10 14:49:42Z INFO Runner] ExecuteCommand
[2025-06-10 14:49:42Z INFO ConfigurationStore] currentAssemblyLocation: C:\Users\User\del-student-devops\s9\GitHub-Actions-Demo\bin\Runner.Listener.dll
[2025-06-10 14:49:42Z INFO HostContext] Well known directory 'Bin': 'C:\Users\User\del-student-devops\s9\GitHub-Actions-Demo\bin'
[2025-06-10 14:49:42Z INFO ConfigurationStore] binPath: C:\Users\User\del-student-devops\s9\GitHub-Actions-Demo\bin
[2025-06-10 14:49:42Z INFO HostContext] Well known directory 'Bin': 'C:\Users\User\del-student-devops\s9\GitHub-Actions-Demo\bin'
[2025-06-10 14:49:42Z INFO HostContext] Well known directory 'Root': 'C:\Users\User\del-student-devops\s9\GitHub-Actions-Demo'
[2025-06-10 14:49:42Z INFO ConfigurationStore] RootFolder: C:\Users\User\del-student-devops\s9\GitHub-Actions-Demo
[2025-06-10 14:49:42Z INFO HostContext] Well known directory 'Bin': 'C:\Users\User\del-student-devops\s9\GitHub-Actions-Demo\bin'
[2025-06-10 14:49:42Z INFO HostContext] Well known directory 'Root': 'C:\Users\User\del-student-devops\s9\GitHub-Actions-Demo'
[2025-06-10 14:49:42Z INFO HostContext] Well known config file 'Runner': 'C:\Users\User\del-student-devops\s9\GitHub-Actions-Demo\.runner'
[2025-06-10 14:49:42Z INFO ConfigurationStore] ConfigFilePath: C:\Users\User\del-student-devops\s9\GitHub-Actions-Demo\.runner
[2025-06-10 14:49:42Z INFO HostContext] Well known directory 'Bin': 'C:\Users\User\del-student-devops\s9\GitHub-Actions-Demo\bin'
[2025-06-10 14:49:42Z INFO HostContext] Well known directory 'Root': 'C:\Users\User\del-student-devops\s9\GitHub-Actions-Demo'
[2025-06-10 14:49:42Z INFO HostContext] Well known config file 'MigratedRunner': 'C:\Users\User\del-student-devops\s9\GitHub-Actions-Demo\.runner_migrated'
[2025-06-10 14:49:42Z INFO ConfigurationStore] MigratedConfigFilePath: C:\Users\User\del-student-devops\s9\GitHub-Actions-Demo\.runner_migrated
[2025-06-10 14:49:42Z INFO HostContext] Well known directory 'Bin': 'C:\Users\User\del-student-devops\s9\GitHub-Actions-Demo\bin'
[2025-06-10 14:49:42Z INFO HostContext] Well known directory 'Root': 'C:\Users\User\del-student-devops\s9\GitHub-Actions-Demo'
[2025-06-10 14:49:42Z INFO HostContext] Well known config file 'Credentials': 'C:\Users\User\del-student-devops\s9\GitHub-Actions-Demo\.credentials'
[2025-06-10 14:49:42Z INFO ConfigurationStore] CredFilePath: C:\Users\User\del-student-devops\s9\GitHub-Actions-Demo\.credentials
[2025-06-10 14:49:42Z INFO HostContext] Well known directory 'Bin': 'C:\Users\User\del-student-devops\s9\GitHub-Actions-Demo\bin'
[2025-06-10 14:49:42Z INFO HostContext] Well known directory 'Root': 'C:\Users\User\del-student-devops\s9\GitHub-Actions-Demo'
[2025-06-10 14:49:42Z INFO HostContext] Well known config file 'MigratedCredentials': 'C:\Users\User\del-student-devops\s9\GitHub-Actions-Demo\.credentials_migrated'
[2025-06-10 14:49:42Z INFO ConfigurationStore] MigratedCredFilePath: C:\Users\User\del-student-devops\s9\GitHub-Actions-Demo\.credentials_migrated
[2025-06-10 14:49:42Z INFO HostContext] Well known directory 'Bin': 'C:\Users\User\del-student-devops\s9\GitHub-Actions-Demo\bin'
[2025-06-10 14:49:42Z INFO HostContext] Well known directory 'Root': 'C:\Users\User\del-student-devops\s9\GitHub-Actions-Demo'
[2025-06-10 14:49:42Z INFO HostContext] Well known config file 'Service': 'C:\Users\User\del-student-devops\s9\GitHub-Actions-Demo\.service'
[2025-06-10 14:49:42Z INFO ConfigurationStore] ServiceConfigFilePath: C:\Users\User\del-student-devops\s9\GitHub-Actions-Demo\.service
[2025-06-10 14:49:42Z INFO CommandSettings] Flag 'help': 'False'
[2025-06-10 14:49:42Z INFO CommandSettings] Flag 'version': 'False'
[2025-06-10 14:49:42Z INFO CommandSettings] Flag 'commit': 'False'
[2025-06-10 14:49:42Z INFO CommandSettings] Flag 'check': 'False'
[2025-06-10 14:49:42Z INFO CommandSettings] Command 'configure': 'True'
[2025-06-10 14:49:42Z INFO Terminal] WRITE LINE: 
[2025-06-10 14:49:42Z INFO Terminal] WRITE LINE: --------------------------------------------------------------------------------
[2025-06-10 14:49:42Z INFO Terminal] WRITE LINE: |        ____ _ _   _   _       _          _        _   _                      |
[2025-06-10 14:49:42Z INFO Terminal] WRITE LINE: |       / ___(_) |_| | | |_   _| |__      / \   ___| |_(_) ___  _ __  ___      |
[2025-06-10 14:49:42Z INFO Terminal] WRITE LINE: |      | |  _| | __| |_| | | | | '_ \    / _ \ / __| __| |/ _ \| '_ \/ __|     |
[2025-06-10 14:49:42Z INFO Terminal] WRITE LINE: |      | |_| | | |_|  _  | |_| | |_) |  / ___ \ (__| |_| | (_) | | | \__ \     |
[2025-06-10 14:49:42Z INFO Terminal] WRITE LINE: |       \____|_|\__|_| |_|\__,_|_.__/  /_/   \_\___|\__|_|\___/|_| |_|___/     |
[2025-06-10 14:49:42Z INFO Terminal] WRITE LINE: |                                                                              |
[2025-06-10 14:49:42Z INFO Terminal] WRITE: |                       
[2025-06-10 14:49:42Z INFO Terminal] WRITE: Self-hosted runner registration
[2025-06-10 14:49:42Z INFO Terminal] WRITE LINE:                         |
[2025-06-10 14:49:42Z INFO Terminal] WRITE LINE: |                                                                              |
[2025-06-10 14:49:42Z INFO Terminal] WRITE LINE: --------------------------------------------------------------------------------
[2025-06-10 14:49:42Z INFO ConfigurationManager] ConfigureAsync
[2025-06-10 14:49:42Z INFO CommandSettings] Flag 'generateServiceConfig': 'False'
[2025-06-10 14:49:42Z INFO ConfigurationStore] IsConfigured()
[2025-06-10 14:49:42Z INFO ConfigurationStore] IsConfigured: False
[2025-06-10 14:49:42Z INFO ConfigurationManager] Is configured: False
[2025-06-10 14:49:42Z INFO CommandSettings] Arg 'url': 'https://github.com/s7rosine/GitHub-Actions-Demo'
[2025-06-10 14:49:42Z INFO CommandSettings] Remove url from Arg dictionary.
[2025-06-10 14:49:42Z INFO CommandSettings] Arg 'token': '***'
[2025-06-10 14:49:42Z INFO CommandSettings] Remove token from Arg dictionary.
[2025-06-10 14:49:43Z INFO ConfigurationManager] Http response code: OK from 'POST https://api.github.com/actions/runner-registration' (FFAD:35C3C2:12C80A3:25A45FB:68484606)
[2025-06-10 14:49:43Z INFO ConfigurationManager] Using V2 flow: False
[2025-06-10 14:49:43Z INFO ConfigurationManager] cred retrieved via GitHub auth
[2025-06-10 14:49:43Z INFO RunnerServer] EstablishVssConnection
[2025-06-10 14:49:43Z INFO RunnerServer] Establish connection with 100 seconds timeout.
[2025-06-10 14:49:43Z INFO GitHubActionsService] Starting operation Location.GetConnectionData
[2025-06-10 14:49:43Z INFO RunnerServer] EstablishVssConnection
[2025-06-10 14:49:43Z INFO RunnerServer] Establish connection with 60 seconds timeout.
[2025-06-10 14:49:43Z INFO GitHubActionsService] Starting operation Location.GetConnectionData
[2025-06-10 14:49:43Z INFO RunnerServer] EstablishVssConnection
[2025-06-10 14:49:43Z INFO RunnerServer] Establish connection with 60 seconds timeout.
[2025-06-10 14:49:43Z INFO GitHubActionsService] Starting operation Location.GetConnectionData
[2025-06-10 14:49:44Z INFO GitHubActionsService] Finished operation Location.GetConnectionData
[2025-06-10 14:49:44Z INFO GitHubActionsService] Finished operation Location.GetConnectionData
[2025-06-10 14:49:44Z INFO GitHubActionsService] Finished operation Location.GetConnectionData
[2025-06-10 14:49:44Z INFO Terminal] WRITE LINE: 
[2025-06-10 14:49:44Z INFO ConfigurationManager] Test Connection complete.
[2025-06-10 14:49:44Z INFO HostContext] Well known directory 'Bin': 'C:\Users\User\del-student-devops\s9\GitHub-Actions-Demo\bin'
[2025-06-10 14:49:44Z INFO HostContext] Well known directory 'Root': 'C:\Users\User\del-student-devops\s9\GitHub-Actions-Demo'
[2025-06-10 14:49:44Z INFO HostContext] Well known config file 'RSACredentials': 'C:\Users\User\del-student-devops\s9\GitHub-Actions-Demo\.credentials_rsaparams'
[2025-06-10 14:49:44Z INFO RSAEncryptedFileKeyManager] Creating new RSA key using 2048-bit key length
[2025-06-10 14:49:44Z INFO RSAEncryptedFileKeyManager] Successfully saved RSA key parameters to file C:\Users\User\del-student-devops\s9\GitHub-Actions-Demo\.credentials_rsaparams
[2025-06-10 14:49:44Z INFO CommandSettings] Arg 'runnergroup': ''
[2025-06-10 14:49:44Z INFO CommandSettings] Flag 'unattended': 'False'
[2025-06-10 14:49:44Z INFO PromptManager] ReadValue
[2025-06-10 14:49:44Z INFO Terminal] WRITE: Enter the name of the runner group to add this runner to: 
[2025-06-10 14:49:44Z INFO Terminal] WRITE: [press Enter for Default] 
[2025-06-10 14:49:44Z INFO Terminal] READ LINE
[2025-06-10 14:50:39Z INFO Terminal] Read value: 'master runner'
[2025-06-10 14:50:39Z INFO Terminal] WRITE LINE: 
[2025-06-10 14:50:39Z ERR  Runner] GitHub.DistributedTask.WebApi.TaskAgentPoolNotFoundException: Could not find any self-hosted runner group named "master runner".
   at GitHub.Runner.Listener.Configuration.ConfigurationManager.ConfigureAsync(CommandSettings command)
   at GitHub.Runner.Listener.Runner.ExecuteCommand(CommandSettings command)
[2025-06-10 14:50:39Z ERR  Terminal] WRITE ERROR: Could not find any self-hosted runner group named "master runner".
[2025-06-10 14:50:39Z INFO Listener] Runner execution has finished with return code 1
